BB:1.15 - BB:1.16
Pierwodna długość   5.09m (  1 odcinków), przesunięto o   0.14m ( 0.14m/odcinek). Błąd   2.69%
1.445962
H: 1.081206 V: 2.025167

ob039 - ob009
Pierwodna długość   7.53m (  1 odcinków), przesunięto o   0.10m ( 0.10m/odcinek). Błąd   1.32%
0.925199
H: 1.151848 V: 0.231515

kv019 - kv020
Pierwodna długość   5.44m (  1 odcinków), przesunięto o   0.00m ( 0.00m/odcinek). Błąd   0.00%
0.000000
H: 0.000000 V: 0.000000

zg024 - zg027
Pierwodna długość   4.60m (  1 odcinków), przesunięto o   0.02m ( 0.02m/odcinek). Błąd   0.51%
0.257188
H: 0.285697 V: 0.172263

wm053.02 - wm053.03
Pierwodna długość   4.28m (  1 odcinków), przesunięto o   0.04m ( 0.04m/odcinek). Błąd   0.85%
0.415249
H: 0.475317 V: 0.236429

BB:1.1 - BB:1.2
Pierwodna długość   3.48m (  1 odcinków), przesunięto o   0.10m ( 0.10m/odcinek). Błąd   2.95%
1.243953
H: 1.446018 V: 0.305735

wm275 - wm276
Pierwodna długość   3.47m (  1 odcinków), przesunięto o   0.10m ( 0.10m/odcinek). Błąd   2.92%
1.231787
H: 1.429870 V: 0.335458

R:1.44 - R:1.45
Pierwodna długość   3.11m (  1 odcinków), przesunięto o   0.03m ( 0.03m/odcinek). Błąd   0.81%
0.314945
H: 0.359219 V: 0.093919

R:1.7 - R:1.8
Pierwodna długość  16.33m (  1 odcinków), przesunięto o   0.26m ( 0.26m/odcinek). Błąd   1.58%
1.583950
H: 1.606120 V: 1.466740

R:1.6 - R:1.7
Pierwodna długość   6.38m (  1 odcinków), przesunięto o   0.27m ( 0.27m/odcinek). Błąd   4.28%
2.904918
H: 2.077297 V: 3.847944

Y:1.6 - Y:1.7
Pierwodna długość   6.82m (  1 odcinków), przesunięto o   0.28m ( 0.28m/odcinek). Błąd   4.09%
2.885328
H: 2.136621 V: 3.795806

Y:1.5 - Y:1.6
Pierwodna długość   4.63m (  1 odcinków), przesunięto o   0.05m ( 0.05m/odcinek). Błąd   1.16%
0.646690
H: 0.874713 V: 0.105672

R:1.5 - R:1.6
Pierwodna długość   4.62m (  1 odcinków), przesunięto o   0.05m ( 0.05m/odcinek). Błąd   1.11%
0.617715
H: 0.835344 V: 0.118023

R:1.4 - R:1.5
Pierwodna długość   2.92m (  1 odcinków), przesunięto o   0.12m ( 0.12m/odcinek). Błąd   4.04%
1.495299
H: 1.732313 V: 0.355633

Y:1.4 - Y:1.5
Pierwodna długość   2.87m (  1 odcinków), przesunięto o   0.13m ( 0.13m/odcinek). Błąd   4.62%
1.684686
H: 1.963086 V: 0.242832

Y:1.3 - Y:1.4
Pierwodna długość   3.02m (  1 odcinków), przesunięto o   0.04m ( 0.04m/odcinek). Błąd   1.26%
0.480466
H: 0.066491 V: 0.866004

R:1.3 - R:1.4
Pierwodna długość   3.05m (  1 odcinków), przesunięto o   0.05m ( 0.05m/odcinek). Błąd   1.62%
0.625027
H: 0.576030 V: 0.722389

R:1.2 - R:1.3
Pierwodna długość   2.10m (  1 odcinków), przesunięto o   0.09m ( 0.09m/odcinek). Błąd   4.13%
1.161415
H: 1.399774 V: 0.305229

X:36.0 - X:37.0
Pierwodna długość   5.87m (  1 odcinków), przesunięto o   0.12m ( 0.12m/odcinek). Błąd   2.01%
1.167274
H: 1.259360 V: 0.961144

X:37.0 - X:38.0
Pierwodna długość   1.33m (  1 odcinków), przesunięto o   0.04m ( 0.04m/odcinek). Błąd   2.97%
0.545867
H: 0.614573 V: 0.285208

U:1.3 - U:1.4
Pierwodna długość   7.53m (  1 odcinków), przesunięto o   0.03m ( 0.03m/odcinek). Błąd   0.38%
0.250224
H: 0.238382 V: 0.268709

U:1.5 - U:1.6
Pierwodna długość   6.78m (  1 odcinków), przesunięto o   0.14m ( 0.14m/odcinek). Błąd   2.02%
1.248340
H: 1.553056 V: 0.220150

W:1.1 - W:1.2
Pierwodna długość   6.77m (  1 odcinków), przesunięto o   0.16m ( 0.16m/odcinek). Błąd   2.37%
1.469662
H: 1.837346 V: 0.084808

W:1.2 - W:1.3
Pierwodna długość   7.10m (  1 odcinków), przesunięto o   0.04m ( 0.04m/odcinek). Błąd   0.52%
0.329988
H: 0.404863 V: 0.120852

AD:1.2 - AD:1.3
Pierwodna długość   4.12m (  1 odcinków), przesunięto o   0.11m ( 0.11m/odcinek). Błąd   2.58%
1.227695
H: 1.367165 V: 0.800047

AD:1.1 - AD:1.2
Pierwodna długość   1.32m (  1 odcinków), przesunięto o   0.04m ( 0.04m/odcinek). Błąd   2.93%
0.534108
H: 0.608465 V: 0.221333

X:13.0 - X:14.0
Pierwodna długość   7.76m (  1 odcinków), przesunięto o   0.07m ( 0.07m/odcinek). Błąd   0.91%
0.592979
H: 0.753766 V: 0.043448

R:1.1 - R:1.2
Pierwodna długość   7.77m (  1 odcinków), przesunięto o   0.03m ( 0.03m/odcinek). Błąd   0.38%
0.248179
H: 0.301565 V: 0.119277

Y:1.1 - Y:1.2
Pierwodna długość   7.75m (  1 odcinków), przesunięto o   0.04m ( 0.04m/odcinek). Błąd   0.49%
0.318932
H: 0.401103 V: 0.077999

Y:1.2 - Y:1.3
Pierwodna długość   2.11m (  1 odcinków), przesunięto o   0.10m ( 0.10m/odcinek). Błąd   4.64%
1.309685
H: 1.561187 V: 0.422930

X:12.0 - X:13.0
Pierwodna długość   7.20m (  1 odcinków), przesunięto o   0.09m ( 0.09m/odcinek). Błąd   1.18%
0.749061
H: 0.891125 V: 0.406949

kv0119 - kv0118
Pierwodna długość  11.96m (  1 odcinków), przesunięto o   0.06m ( 0.06m/odcinek). Błąd   0.53%
0.422902
H: 0.358866 V: 0.511390

kv0121 - kv0119
Pierwodna długość   1.60m (  1 odcinków), przesunięto o   0.02m ( 0.02m/odcinek). Błąd   1.24%
0.273152
H: 0.346188 V: 0.065470

kv0139 - kv0140
Pierwodna długość   2.27m (  1 odcinków), przesunięto o   0.03m ( 0.03m/odcinek). Błąd   1.21%
0.362533
H: 0.407488 V: 0.058359

AI:1.8 - AI:1.9
Pierwodna długość   6.72m (  1 odcinków), przesunięto o   0.02m ( 0.02m/odcinek). Błąd   0.30%
0.184832
H: 0.187715 V: 0.179586

AJ:1.57 - AJ:1.59
Pierwodna długość   5.82m (  1 odcinków), przesunięto o   0.02m ( 0.02m/odcinek). Błąd   0.37%
0.231668
H: 0.285382 V: 0.095966

AA:1.25 - AA:1.26
Pierwodna długość   3.52m (  1 odcinków), przesunięto o   0.08m ( 0.08m/odcinek). Błąd   2.26%
0.960028
H: 1.115781 V: 0.137801

pr137 - pr107
Pierwodna długość   4.86m (  1 odcinków), przesunięto o   0.05m ( 0.05m/odcinek). Błąd   0.93%
0.505630
H: 0.627894 V: 0.057792

wm261 - wm262
Pierwodna długość   7.69m (  1 odcinków), przesunięto o   0.17m ( 0.17m/odcinek). Błąd   2.20%
1.431457
H: 1.316449 V: 1.600818

BB:1.51 - BB:1.52
Pierwodna długość   7.72m (  1 odcinków), przesunięto o   0.06m ( 0.06m/odcinek). Błąd   0.82%
0.534763
H: 0.217445 V: 0.820293

wm265 - wm266
Pierwodna długość   6.01m (  1 odcinków), przesunięto o   0.05m ( 0.05m/odcinek). Błąd   0.87%
0.521804
H: 0.516573 V: 0.531343

wm262 - wm263
Pierwodna długość   9.99m (  1 odcinków), przesunięto o   0.20m ( 0.20m/odcinek). Błąd   2.01%
1.456762
H: 1.318878 V: 1.640768

wm036 - wm036.01
Pierwodna długość   3.11m (  1 odcinków), przesunięto o   0.04m ( 0.04m/odcinek). Błąd   1.40%
0.567809
H: 0.797505 V: 0.032185

S:1.9 - S:1.8
Pierwodna długość   3.13m (  1 odcinków), przesunięto o   0.02m ( 0.02m/odcinek). Błąd   0.61%
0.238410
H: 0.260227 V: 0.155145

R:1.47 - R:1.48 - R:1.49 - R:1.50 - R:1.51 - R:1.52 - R:1.53 - R:1.54 - O:1.3 - O:1.4 - O:1.5 - O:1.6 = N:1 - N:2 - N:3 - N:4 - N:5 - N:6 - N:7 - N:8 - N:9 - N:10 - N:11 - N:12 - N:14
Pierwodna długość 178.45m ( 23 odcinków), przesunięto o   0.00m ( 0.00m/odcinek). Błąd   0.00%
0.000000
H: 0.000000 V: 0.000000

R:1.47 - R:1.46 - R:1.45
Pierwodna długość  11.34m (  2 odcinków), przesunięto o   0.07m ( 0.03m/odcinek). Błąd   0.61%
0.454290
H: 0.556933 V: 0.132589

R:1.47 - S:1.3 - S:1.4 - S:1.5 - S:1.6 - S:1.7 - S:1.8
Pierwodna długość  25.20m (  6 odcinków), przesunięto o   0.14m ( 0.02m/odcinek). Błąd   0.54%
0.643274
H: 0.750929 V: 0.301363

U:1.1 - U:1.0 = V:1.6
Pierwodna długość  11.33m (  1 odcinków), przesunięto o   0.24m ( 0.24m/odcinek). Błąd   2.14%
1.551457
H: 2.013911 V: 0.486158

V:1.7 - V:1.6
Pierwodna długość  11.40m (  1 odcinków), przesunięto o   0.19m ( 0.19m/odcinek). Błąd   1.70%
1.232344
H: 1.405902 V: 0.957587

V:1.0 - V:1.1 - V:1.2 - V:1.3 - V:1.4 - V:1.5 - V:1.6
Pierwodna długość  23.15m (  6 odcinków), przesunięto o   0.13m ( 0.02m/odcinek). Błąd   0.56%
0.584299
H: 0.549760 V: 0.647316

V:1.0 - V:0.0 = W:1.22
Pierwodna długość   5.92m (  1 odcinków), przesunięto o   0.04m ( 0.04m/odcinek). Błąd   0.60%
0.355060
H: 0.378758 V: 0.305581

W:1.23 - W:1.22
Pierwodna długość   5.95m (  1 odcinków), przesunięto o   0.01m ( 0.01m/odcinek). Błąd   0.23%
0.138292
H: 0.169278 V: 0.035603

R:1.8 - R:1.9 - R:1.10 - R:1.11 - R:1.40 - R:1.41 - R:1.42 - R:1.43 - R:1.44
Pierwodna długość  57.53m (  8 odcinków), przesunięto o   0.00m ( 0.00m/odcinek). Błąd   0.00%
0.000000
H: 0.000000 V: 0.000000

Y:1.8 - Y:1.7
Pierwodna długość  16.04m (  1 odcinków), przesunięto o   0.23m ( 0.23m/odcinek). Błąd   1.45%
1.456330
H: 1.417415 V: 1.641590

wm036.01 - wm036.02 = AA:1.25
Pierwodna długość   3.56m (  1 odcinków), przesunięto o   0.09m ( 0.09m/odcinek). Błąd   2.66%
1.138396
H: 1.320091 V: 0.243459

zg024 - zg025 - zg026 - zg018 - zg017 - zg016 - zg015 - zg014 - zg013
Pierwodna długość  32.61m (  8 odcinków), przesunięto o   0.16m ( 0.02m/odcinek). Błąd   0.48%
0.642760
H: 0.744466 V: 0.361688

zg024 - zg023 - zg022 - zg021 - zg020 - zg019 - zg013
Pierwodna długość  16.57m (  6 odcinków), przesunięto o   0.08m ( 0.01m/odcinek). Błąd   0.50%
0.437275
H: 0.326408 V: 0.610403

zg032 - zg031 - zg030 - zg029 - zg028 - zg027
Pierwodna długość  21.05m (  5 odcinków), przesunięto o   0.13m ( 0.03m/odcinek). Błąd   0.64%
0.672810
H: 0.614876 V: 0.782549

zg041 - zg027.30 - zg027.29 - zg027.28 - zg027.24 - zg027.23 - zg027.22 - zg027.21 - zg027.20 - zg027.19 - zg027.17 - zg027.16 - zg027.15 - zg027.14 - zg027.13 - zg027.12 - zg027.11 - zg027.10 - zg027.09 - zg027.08 - zg027.04 - zg027.03 - zg027.02 - zg027.01 - zg027
Pierwodna długość  89.23m ( 24 odcinków), przesunięto o   0.75m ( 0.03m/odcinek). Błąd   0.84%
1.722297
H: 1.992230 V: 0.940457

zg041 - zg040 - zg038 - zg037 - zg036 - zg035 - zg034 - zg032
Pierwodna długość  45.81m (  7 odcinków), przesunięto o   0.25m ( 0.04m/odcinek). Błąd   0.55%
0.895296
H: 0.779764 V: 1.062986

hv030 - hv028.4 - hv028.3 - hv028.2 - hv028.1 - hv028
Pierwodna długość  18.16m (  5 odcinków), przesunięto o   0.23m ( 0.05m/odcinek). Błąd   1.26%
1.216681
H: 1.394790 V: 0.479120

hv030 - hv029 - hv028
Pierwodna długość  12.69m (  2 odcinków), przesunięto o   0.23m ( 0.12m/odcinek). Błąd   1.84%
1.617570
H: 1.968211 V: 0.700128

gh003 - gh002 - gh001 - zg033 - zg032
Pierwodna długość  10.27m (  4 odcinków), przesunięto o   0.01m ( 0.00m/odcinek). Błąd   0.12%
0.080500
H: 0.101572 V: 0.024637

gh024 - gh023 - gh022 - gh021 - gh020 - gh019 - gh018 - gh017 - gh016 - gh015 - gh014 - gh013 - gh012 - gh011 - gh010 - gh009 - gh008 - gh007 - gh006 - gh005 - gh004 - gh003
Pierwodna długość  71.04m ( 21 odcinków), przesunięto o   0.38m ( 0.02m/odcinek). Błąd   0.54%
1.019878
H: 1.089746 V: 0.850554

gh030 - gh029 - gh028 - gh027 - gh026 - gh025 - gh024
Pierwodna długość  24.04m (  6 odcinków), przesunięto o   0.38m ( 0.06m/odcinek). Błąd   1.58%
1.715811
H: 2.061502 V: 0.575990

gh69 - gh68 - gh67 - gh66 - gh65 - gh64 - gh63 - gh62 - gh61 - gh60 - gh030
Pierwodna długość  44.94m ( 10 odcinków), przesunięto o   0.56m ( 0.06m/odcinek). Błąd   1.25%
1.993345
H: 2.328002 V: 0.911632

zg013 - gh70 - gh69
Pierwodna długość  15.34m (  2 odcinków), przesunięto o   0.07m ( 0.04m/odcinek). Błąd   0.48%
0.442687
H: 0.442063 V: 0.443643

zg013 - zg012 - zg011 - zg004 - zg003 - zg002 - zg001 - ws079
Pierwodna długość  65.01m (  7 odcinków), przesunięto o   0.00m ( 0.00m/odcinek). Błąd   0.00%
0.000000
H: 0.000000 V: 0.000000

gh69.05 - gh92 - gh024.01 - gh024
Pierwodna długość   8.09m (  3 odcinków), przesunięto o   0.09m ( 0.03m/odcinek). Błąd   1.06%
0.630305
H: 0.735288 V: 0.331231

gh69.05 - gh69.04 - gh69.03 - gh69.02 - gh69.01 - gh69
Pierwodna długość  13.59m (  5 odcinków), przesunięto o   0.17m ( 0.03m/odcinek). Błąd   1.25%
0.993579
H: 1.254153 V: 0.391298

zg013 - gh90 - gh69.05
Pierwodna długość  14.14m (  2 odcinków), przesunięto o   0.04m ( 0.02m/odcinek). Błąd   0.27%
0.217433
H: 0.275747 V: 0.057236

bg014 - bg013 - bg012 - bg011 - bg009 - bg008 - bg007 - bg006 - bg001 - zg058
Pierwodna długość  39.82m (  9 odcinków), przesunięto o   0.29m ( 0.03m/odcinek). Błąd   0.73%
1.065484
H: 1.190325 V: 0.744658

bg037 - mc031 - mc030 - mc029 - mc028 - mc025 - mc024 - mc023 - mc022 - mc021 - mc020 - mc019 - mc009 - mc008 - mc007 - mc006 - mc005 - mc004 - mc003 - mc002 - bg018 - bg017 - bg016 - bg015 - bg014
Pierwodna długość  84.10m ( 24 odcinków), przesunięto o   0.91m ( 0.04m/odcinek). Błąd   1.08%
2.221352
H: 2.369086 V: 1.861430

bg037 - bg036 - bg035 - bg034 - bg033 - bg032 - bg014
Pierwodna długość  18.87m (  6 odcinków), przesunięto o   0.23m ( 0.04m/odcinek). Błąd   1.20%
1.154583
H: 1.149303 V: 1.163736

bg040 - bg041 - bg042 - bg043 - zg089 - zg088 - zg087 - zg086 - zg083 - zg082 - zg081 - zg080 - zg059 - zg058
Pierwodna długość  52.36m ( 13 odcinków), przesunięto o   0.37m ( 0.03m/odcinek). Błąd   0.70%
1.171159
H: 1.307451 V: 0.795450

bg040 - bg039 - bg038 - bg037
Pierwodna długość  10.91m (  3 odcinków), przesunięto o   0.03m ( 0.01m/odcinek). Błąd   0.31%
0.224063
H: 0.160165 V: 0.305074

zg058 - rs001 - rs002 - rs003 - rs004 - rs005 - rs006 - rs007 - rs008 - rs009 - rs010 - rs011 - rs012 - rs013 - rs014 - rs015 - rs016 - rs017 - rs018 - rs019 - rs020 - rs021 - rs022 - rs023 - rs024 - rs025 - rs026 - rs027 - rs028 - rs029 - rs030 - rs031 - rs032 - rs033 - rs034 - rs037 - rs038 - rs039 - gh003
Pierwodna długość 158.73m ( 38 odcinków), przesunięto o   0.88m ( 0.02m/odcinek). Błąd   0.56%
1.609863
H: 1.822983 V: 1.062839

zg058 - zg057 - zg056 - zg055 - zg054 - zg053 - zg052 - zg051 - zg050 - zg049 - zg048 - zg047 - zg046 - zg045 - zg044 - zg043 - zg042 - zg041
Pierwodna długość  89.12m ( 17 odcinków), przesunięto o   0.43m ( 0.03m/odcinek). Błąd   0.49%
1.079793
H: 1.223531 V: 0.741042

wm287 - wm286 - wm285
Pierwodna długość   8.82m (  2 odcinków), przesunięto o   0.06m ( 0.03m/odcinek). Błąd   0.64%
0.448030
H: 0.533668 V: 0.059552

wm287 - wm285.04 - wm285.03 - wm285.02 - wm285.01 - wm285
Pierwodna długość  16.91m (  5 odcinków), przesunięto o   0.09m ( 0.02m/odcinek). Błąd   0.54%
0.497013
H: 0.612146 V: 0.028432

wm280 - wm281 - wm282
Pierwodna długość  14.12m (  2 odcinków), przesunięto o   0.04m ( 0.02m/odcinek). Błąd   0.26%
0.226240
H: 0.226404 V: 0.225954

wt003 - wt004 - wt005 - wt006 - wt007 - wt008 - wt009 - wt010 - wt011 - wt012 - wt013 - wm282.03 - wm282.02 - wm282.01 - wm282
Pierwodna długość  41.20m ( 14 odcinków), przesunięto o   0.11m ( 0.01m/odcinek). Błąd   0.26%
0.354113
H: 0.400201 V: 0.226781

wt003 - wt002 - wt001 - wm280
Pierwodna długość   5.73m (  3 odcinków), przesunięto o   0.02m ( 0.01m/odcinek). Błąd   0.27%
0.120553
H: 0.130073 V: 0.086991

wt069 - wt069.01 - wt076 - wt075 - wt074 - wt073 - wt072 - wt071 - wt060 - wt059 - wt058 - wt056 - wt055 - wt054 - wt053 - wt052 - wt051 - wt050 - wt049 - wt048 - wt047 - wt046 - wt045 - wt044 - wt043 - wt042 - wt041 - wt040 - wt039 - wt038 - wt037 - wt036 - wt035 - wt034 - wt017 - wt016
Pierwodna długość 125.04m ( 35 odcinków), przesunięto o   0.79m ( 0.02m/odcinek). Błąd   0.63%
1.609263
H: 1.863010 V: 0.854746

wt069 - wt068 - wt067 - wt066 - wt065 - wt064 - wt063 - wt062 - wt033 - wt032 - wt031 - wt030 - wt029 - wt028 - wt027 - wt026 - wt025 - wt024 - wt023 - wt022 - wt021 - wt020 - wt019 - wt018 - wt016
Pierwodna długość 119.04m ( 24 odcinków), przesunięto o   0.98m ( 0.04m/odcinek). Błąd   0.83%
2.073745
H: 2.364631 V: 1.230546

sm010 - sm011 - sm012 - sm013 - sm014 - sm015 - sm015.01 - sm015.02 - sm015.03 - sm015.04 - sm015.05 - sm015.06 - hv033 - hv032 - hv031 - hv030
Pierwodna długość  71.34m ( 15 odcinków), przesunięto o   1.73m ( 0.12m/odcinek). Błąd   2.43%
4.852777
H: 6.007679 V: 0.323983

kt053 - kt060.10 - kt060.09 - kt060.08 - kt060.07 - kt060.06 - kt060.05 - kt060.04 - kt060.03 - kt060.02 - kt060.01 - kt060
Pierwodna długość  35.19m ( 11 odcinków), przesunięto o   1.15m ( 0.10m/odcinek). Błąd   3.27%
4.294326
H: 5.277637 V: 1.062989

kt053 - kt054 - kt055 - kt056 - kt057 - kt058 - kt059 - kt060
Pierwodna długość  18.91m (  7 odcinków), przesunięto o   0.79m ( 0.11m/odcinek). Błąd   4.18%
3.843639
H: 4.456600 V: 0.521501

bg068 - bg067 - bg066 - bg065 - bg064 - bg063 - bg062 - bg061 - bg060 - bg059 - bg058 - bg057 - bg056 - bg055 - bg054 - bg053 - bg052 - bg031 - bg030 - bg029 - bg028 - bg027 - bg026 - bg025 - bg024 - bg023 - bg022 - bg014
Pierwodna długość  83.76m ( 27 odcinków), przesunięto o   0.80m ( 0.03m/odcinek). Błąd   0.96%
1.892199
H: 2.216868 V: 0.490611

am004 - kt073 - kt072 - kt071 - kt070 - kt069 - kt068 - kt067 - kt066 - kt065 - kt064 - kt063 - kt062 - kt061 - kt060
Pierwodna długość  64.99m ( 14 odcinków), przesunięto o   0.48m ( 0.03m/odcinek). Błąd   0.74%
1.449728
H: 1.787674 V: 0.349731

wm053.22 - wm053.26 - wm053.28 - wm053.02
Pierwodna długość   9.68m (  3 odcinków), przesunięto o   0.07m ( 0.02m/odcinek). Błąd   0.77%
0.529953
H: 0.614201 V: 0.332034

wm053.22 - wm053.23 - wm053.25 - wm053.03
Pierwodna długość   5.50m (  3 odcinków), przesunięto o   0.10m ( 0.03m/odcinek). Błąd   1.85%
0.791608
H: 0.973586 V: 0.275950

wm053.22 - wm053.20 - wm053.19 - wm053.17 - wm053.15 - wm053.11 - wm053.10 - wm053.05 - wm053.04 - wm053.03
Pierwodna długość  31.66m (  9 odcinków), przesunięto o   0.38m ( 0.04m/odcinek). Błąd   1.19%
1.529651
H: 1.891905 V: 0.145383

wm093 - pr049 - pr048 - pr047 - pr046 - pr045 - pr044 - pr043 - pr042 - pr041 - pr040 - pr039 - pr038 - pr037 - pr036 - pr035 - pr034 - pr033 - pr032 - pr031 - pr030 - pr029 - pr028 - pr027 - pr026 - pr025 - pr024 - pr023 - pr022 - pr021 - pr020 - pr019 - pr018 - pr017 - pr016 - pr015 - pr014 - pr013 - pr012 - pr011 - pr010 - pr009 - pr008 - pr007 - pr006
Pierwodna długość 183.99m ( 44 odcinków), przesunięto o   2.37m ( 0.05m/odcinek). Błąd   1.29%
4.041587
H: 4.904759 V: 0.441216

bg088 - bg146 - bg150 - bg151 - bg068
Pierwodna długość  18.28m (  4 odcinków), przesunięto o   0.22m ( 0.06m/odcinek). Błąd   1.21%
1.263351
H: 1.418507 V: 0.836170

bg088 - bg087 - bg086 - bg085 - bg084 - bg083 - bg082 - bg081 - bg077 - bg076 - bg075 - bg074 - bg073 - bg072 - bg071 - bg070 - bg069 - bg068
Pierwodna długość  31.19m ( 17 odcinków), przesunięto o   0.50m ( 0.03m/odcinek). Błąd   1.59%
1.594700
H: 1.815353 V: 0.876509

bg094 - bg093 - bg092 - bg091 - bg090 - bg089 - bg088
Pierwodna długość  16.89m (  6 odcinków), przesunięto o   0.13m ( 0.02m/odcinek). Błąd   0.76%
0.672244
H: 0.803396 V: 0.387263

bg096 - bg099 - bg100 - bg101 - bg040
Pierwodna długość  13.83m (  4 odcinków), przesunięto o   0.10m ( 0.02m/odcinek). Błąd   0.71%
0.598727
H: 0.722131 V: 0.265908

bg096 - bg098 - bg097 - bg094
Pierwodna długość   8.31m (  3 odcinków), przesunięto o   0.04m ( 0.01m/odcinek). Błąd   0.49%
0.293782
H: 0.343398 V: 0.173251

bg096 - bg095 - bg094
Pierwodna długość   6.38m (  2 odcinków), przesunięto o   0.03m ( 0.02m/odcinek). Błąd   0.55%
0.309122
H: 0.367840 V: 0.050674

pr137 - pr136 - pr135 - pr134 - pr133 - pr131 - pr130 - pr128 - pr127 - pr126 - pr111 - pr110 - pr109 - pr108 - pr107
Pierwodna długość  48.08m ( 14 odcinków), przesunięto o   0.48m ( 0.03m/odcinek). Błąd   1.00%
1.553431
H: 1.894529 V: 0.230394

pr145 - pr149 - pr150 - pr151 - pr140 - pr139 - pr137
Pierwodna długość  15.44m (  6 odcinków), przesunięto o   0.22m ( 0.04m/odcinek). Błąd   1.43%
1.167152
H: 1.315787 V: 0.722062

pr145 - pr144 - pr143 - pr137
Pierwodna długość  12.32m (  3 odcinków), przesunięto o   0.22m ( 0.07m/odcinek). Błąd   1.79%
1.517076
H: 1.800804 V: 0.791537

pr107 - pr147 - pr146 - pr145
Pierwodna długość   8.52m (  3 odcinków), przesunięto o   0.18m ( 0.06m/odcinek). Błąd   2.07%
1.241246
H: 1.478969 V: 0.175763

pr107 - pr106 - pr105 - pr104 - pr103 - pr102 - pr101 - pr006
Pierwodna długość  24.59m (  7 odcinków), przesunięto o   0.00m ( 0.00m/odcinek). Błąd   0.00%
0.000000
H: 0.000000 V: 0.000000

gh140 - gh139 - gh138 - gh137 - gh136 - gh135 - gh134 - gh133 - gh132 - gh131 - gh130 - gh129 - gh128 - gh115 - gh114 - gh113 - gh112 - gh111 - gh110 - gh109 - gh108 - gh107 - gh106 - gh105 - gh104 - gh103 - gh102 - gh101 - gh053 - gh052 - gh051 - gh050 - gh049 - gh048 - gh047 - gh046 - gh045 - gh044 - gh043 - gh042 - gh041 - gh040 - gh039 - gh038 - gh037 - gh036 - gh035 - gh034 - gh033 - gh032 - gh031 - gh030
Pierwodna długość 260.06m ( 51 odcinków), przesunięto o   0.00m ( 0.00m/odcinek). Błąd   0.00%
0.000000
H: 0.000000 V: 0.000000

gh148 - gh148.1 - gh148.2 - gh148.3 - gh148.4 - gh148.5 - gh148.6 - gh148.12 - gh148.13 - gh148.14 - gh148.15 - gh148.16 - gh148.17 - gh148.18 - gh148.19 - gh140
Pierwodna długość  79.90m ( 15 odcinków), przesunięto o   0.46m ( 0.03m/odcinek). Błąd   0.58%
1.153818
H: 1.042076 V: 1.347670

gh148 - gh147 - gh146 - gh145 - gh144 - gh143 - gh142 - gh141 - gh140
Pierwodna długość  19.55m (  8 odcinków), przesunięto o   0.14m ( 0.02m/odcinek). Błąd   0.74%
0.654072
H: 0.649920 V: 0.667165

gh165 - gh164 - gh163 - gh162 - gh161 - gh160 - gh159 - gh158 - gh157 - gh156 - gh155 - gh154 - gh153 - gh148
Pierwodna długość  71.64m ( 13 odcinków), przesunięto o   0.00m ( 0.00m/odcinek). Błąd   0.00%
0.000000
H: 0.000000 V: 0.000000

wm172.10 - wm172.11 - wm172.9 - wm172.10
Pierwodna długość  16.82m (  3 odcinków), przesunięto o   0.27m ( 0.09m/odcinek). Błąd   1.61%
1.583724
H: 1.839586 V: 0.949892

kv010 - kv009 - kv008 - kv007 - kv006 - kv005 - kv004 - kv003 - kv002 - kv001 - gh165
Pierwodna długość  55.49m ( 10 odcinków), przesunięto o   0.00m ( 0.00m/odcinek). Błąd   0.00%
0.000000
H: 0.000000 V: 0.000000

ob009 - ob008 - ob007 - ob006 - ob005 - ob003 - ob004
Pierwodna długość  29.31m (  6 odcinków), przesunięto o   0.47m ( 0.08m/odcinek). Błąd   1.59%
2.043153
H: 2.463104 V: 0.211165

ws015 - ws013 - ws012 - ws011 - ws010.2 - ws010 - ws009 - ws008 - ws007 - ws006 - ws005 - ws004 - ws003 - ws002 - ws001 - hg116 - hg115.3
Pierwodna długość  86.74m ( 16 odcinków), przesunięto o   0.00m ( 0.00m/odcinek). Błąd   0.00%
0.000000
H: 0.000000 V: 0.000000

ws022 - ws015.11 - ws015.10 - ws015.09 - ws015.08 - ws015.07 - ws015.06 - ws015.05 - ws015.04 - ws015.03 - ws015.02 - ws015.01 - ws015
Pierwodna długość  56.15m ( 12 odcinków), przesunięto o   0.56m ( 0.05m/odcinek). Błąd   0.99%
1.749547
H: 2.129146 V: 0.303140

ws022 - ws021 - ws020 - ws019 - ws018 - ws016 - ws015
Pierwodna długość  33.52m (  6 odcinków), przesunięto o   0.38m ( 0.06m/odcinek). Błąd   1.15%
1.559726
H: 1.923048 V: 0.416889

hg090 - hg091 - hg092 - hg093 - hg094 - hg095 - hg096 - hg097 - hg098 - hg099
Pierwodna długość  59.50m (  9 odcinków), przesunięto o   0.23m ( 0.03m/odcinek). Błąd   0.38%
0.700329
H: 0.834446 V: 0.092102

hg090 - hg099d - hg099c - hg099b - hg099a - hg099
Pierwodna długość  31.80m (  5 odcinków), przesunięto o   0.26m ( 0.05m/odcinek). Błąd   0.81%
0.958030
H: 1.241540 V: 0.107197

kv012 - kv011 - kv010
Pierwodna długość   7.26m (  2 odcinków), przesunięto o   0.00m ( 0.00m/odcinek). Błąd   0.06%
0.036806
H: 0.042945 V: 0.011806

kv017 - kv013 - kv012
Pierwodna długość   6.27m (  2 odcinków), przesunięto o   0.04m ( 0.02m/odcinek). Błąd   0.71%
0.397526
H: 0.501968 V: 0.114809

kv017 - kv016 - kv015 - kv014 - kv012
Pierwodna długość  10.47m (  4 odcinków), przesunięto o   0.09m ( 0.02m/odcinek). Błąd   0.86%
0.581755
H: 0.687702 V: 0.118097

kv019 - kv018 - kv010
Pierwodna długość  14.88m (  2 odcinków), przesunięto o   0.01m ( 0.00m/odcinek). Błąd   0.04%
0.038360
H: 0.048261 V: 0.003475

kv019 - kv087 - kv086 - kv085 - kv084 - kv083 - kv082 - kv081 - kv080 - kv079 - kv078 - kv077 - kv076 - kv075 - kv074 - kv073 - kv072 - kv017
Pierwodna długość  44.05m ( 17 odcinków), przesunięto o   0.03m ( 0.00m/odcinek). Błąd   0.06%
0.081589
H: 0.097307 V: 0.025616

kv025 - kv029 - kv030 - kv031 - kv032 - kv033 - kv034 - kv035 - kv036 - kv037 - kv038 - kv039 - kv040 - kv042 - kv044 - kv046 - kv047 - kv048 - kv050 - kv052 - kv053 - kv053a - kv054 - kv020
Pierwodna długość  63.58m ( 23 odcinków), przesunięto o   1.23m ( 0.05m/odcinek). Błąd   1.93%
3.229968
H: 3.860900 V: 0.474118

kv025 - kv026 - kv027 - kv027a - kv023
Pierwodna długość  10.46m (  4 odcinków), przesunięto o   0.06m ( 0.02m/odcinek). Błąd   0.60%
0.399118
H: 0.391350 V: 0.417156

kv025 - kv024 - kv023
Pierwodna długość   7.74m (  2 odcinków), przesunięto o   0.08m ( 0.04m/odcinek). Błąd   1.02%
0.647133
H: 0.802367 V: 0.127756

wm050 - wm041j - wm041i - wm041h - wm041g - wm041f - wm041e - wm041d - wm041c - wm041b - wm041a - wm041
Pierwodna długość  53.61m ( 11 odcinków), przesunięto o   0.18m ( 0.02m/odcinek). Błąd   0.33%
0.523416
H: 0.451596 V: 0.620056

wm050 - wm051 - wm052 - wm053
Pierwodna długość  25.89m (  3 odcinków), przesunięto o   0.00m ( 0.00m/odcinek). Błąd   0.00%
0.000000
H: 0.000000 V: 0.000000

wm050 - wm049 - wm048 - wm047 - wm046 - wm045 - wm044 - wm043 - wm042 - wm041
Pierwodna długość  63.85m (  9 odcinków), przesunięto o   0.21m ( 0.02m/odcinek). Błąd   0.33%
0.573184
H: 0.533144 V: 0.632408

kv023 - kv022 - kv021 - kv020
Pierwodna długość  20.67m (  3 odcinków), przesunięto o   0.23m ( 0.08m/odcinek). Błąd   1.14%
1.271307
H: 1.605853 V: 0.219973

kv0139 - kv0138 - kv0137 - kv0136 - kv0135 - kv0134 - kv0133 - kv0132 - kv0131 - kv0130 - kv0129 - kv0128 - kv0127 - kv0126 - kv0125 - kv0124 - kv0122 - kv0121
Pierwodna długość  60.64m ( 17 odcinków), przesunięto o   0.68m ( 0.04m/odcinek). Błąd   1.12%
1.948450
H: 2.285026 V: 0.536521

kv0149 - kv0150 = AS:1.2 - AS:1.1 = kv0149
Pierwodna długość   4.31m (  2 odcinków), przesunięto o   0.06m ( 0.03m/odcinek). Błąd   1.37%
0.563365
H: 0.619945 V: 0.495380

kv0118 - kv0117 - kv0116 - kv0115 - kv0114 - kv0113 - kv0112 - kv0111 - kv0110 - kv0109 - kv0108 - kv0107 - kv0106 - kv0105 - kv0104 - kv0103 - kv0102 - kv0101 - kv0100 - kv099 - kv098 - kv097 - kv096 - kv095 - kv094 - kv093 - kv023
Pierwodna długość 151.79m ( 26 odcinków), przesunięto o   0.00m ( 0.00m/odcinek). Błąd   0.00%
0.000000
H: 0.000000 V: 0.000000

ws030 - hv001 - hv002 - hv003 - hv004 - hv005 - hv006 - hv007 - hv008 - hv009 - hv010 - hv011 - hv012 - hv013 - hv014 - hv015 - hv016 - hv017 - hv018 - hv019 - hv020 - hv021 - hv022 - hv023 - hv024 - hv025 - hv026 - hv027 - hv028
Pierwodna długość 172.04m ( 28 odcinków), przesunięto o   3.88m ( 0.14m/odcinek). Błąd   2.26%
7.005836
H: 8.536411 V: 0.084452

ws030 - ws029 - ws028 - ws027 - ws026 - ws025 - ws024 - ws023 - ws022
Pierwodna długość  68.58m (  8 odcinków), przesunięto o   0.00m ( 0.00m/odcinek). Błąd   0.00%
0.000000
H: 0.000000 V: 0.000000

ob039 - ob041 - ob042 - ob043 - ob044 - ob045 - ob048 - ob049 - ob050 - ob018 - ob015 - ob014 - ob012 - ob011 - ob010 - ob009
Pierwodna długość  66.67m ( 15 odcinków), przesunięto o   0.36m ( 0.02m/odcinek). Błąd   0.54%
1.043782
H: 1.276293 V: 0.204916

ob039 - ob038 - ob036 - ob035 - ob034 - ob033 - ob032 - ob030 - ob004
Pierwodna długość  25.55m (  8 odcinków), przesunięto o   0.60m ( 0.07m/odcinek). Błąd   2.34%
2.560236
H: 3.062207 V: 0.257723

kv0206 - kv0205 - kv0203 - kv0202 - kv0201 - kv0200 - kv0121
Pierwodna długość  32.96m (  6 odcinków), przesunięto o   0.00m ( 0.00m/odcinek). Błąd   0.00%
0.000000
H: 0.000000 V: 0.000000

AI:1.3 - AI:1.401 - AI:1.402 - AI:1.403 - AI:1.404 = AI:1.8
Pierwodna długość  17.74m (  4 odcinków), przesunięto o   0.06m ( 0.01m/odcinek). Błąd   0.33%
0.338805
H: 0.405214 V: 0.157595

AI:1.3 - AI:1.2 - AI:1.1 - AI:1.0 = kv0224 - kv0223 - kv0222 - kv0221 - kv0220 - kv0219 - kv0218 - kv0217 - kv0216 - kv0215 - kv0214 - kv0213 - kv0212 - kv0211 - kv0210 - kv0209 - kv0208 - kv0207 - kv0206
Pierwodna długość 124.69m ( 21 odcinków), przesunięto o   0.53m ( 0.03m/odcinek). Błąd   0.43%
1.129976
H: 1.377792 V: 0.358009

AI:1.6 - AI:1.7 - AI:1.8
Pierwodna długość   8.79m (  2 odcinków), przesunięto o   0.03m ( 0.01m/odcinek). Błąd   0.32%
0.231734
H: 0.140298 V: 0.335457

AI:1.6 - AI:1.5 - AI:1.4 - AI:1.3
Pierwodna długość  20.89m (  3 odcinków), przesunięto o   0.03m ( 0.01m/odcinek). Błąd   0.14%
0.150262
H: 0.185958 V: 0.041074

AI:1.11 - AI:1.10 - AI:1.9
Pierwodna długość  12.95m (  2 odcinków), przesunięto o   0.05m ( 0.03m/odcinek). Błąd   0.40%
0.355337
H: 0.145699 V: 0.567301

AI:1.24 - AI:1.23 - AI:1.22 - AI:1.21 - AI:1.20 - AI:1.19 - AI:1.18 - AI:1.17 - AI:1.16 - AI:1.15 - AI:1.14 - AI:1.13 - AI:1.12 - AI:1.11
Pierwodna długość  46.02m ( 13 odcinków), przesunięto o   0.13m ( 0.01m/odcinek). Błąd   0.29%
0.441532
H: 0.288404 V: 0.678275

AJ:1.10 - AJ:1.9 - AJ:1.8 - AJ:1.7 - AJ:1.6 - AJ:1.5 - AJ:1.4 - AJ:1.3 - AJ:1.2 = kv0206
Pierwodna długość  43.43m (  8 odcinków), przesunięto o   0.17m ( 0.02m/odcinek). Błąd   0.40%
0.634872
H: 0.774759 V: 0.224603

AJ:1.1009 - AJ:1.1008 - AJ:1.1007 - AJ:1.1006 - AJ:1.1005 - AJ:1.1004 - AJ:1.1003 - AJ:1.1002 - AJ:1.1001 - AJ:1.10
Pierwodna długość  26.85m (  9 odcinków), przesunięto o   0.14m ( 0.02m/odcinek). Błąd   0.51%
0.578276
H: 0.581408 V: 0.569538

AJ:1.20 - AJ:1.19 - AJ:1.18 - AJ:1.17 - AJ:1.16 - AJ:1.15 - AJ:1.14 - AJ:1.13 - AJ:1.12 - AJ:1.11 - AJ:1.10
Pierwodna długość  31.64m ( 10 odcinków), przesunięto o   0.12m ( 0.01m/odcinek). Błąd   0.38%
0.462124
H: 0.042985 V: 0.865433

AJ:1.29 - AJ:1.28 - AJ:1.27 - AJ:1.26 - AJ:1.25 - AJ:1.24 - AJ:1.23 - AJ:1.22 - AJ:1.21 - AJ:1.20
Pierwodna długość  37.51m (  9 odcinków), przesunięto o   0.15m ( 0.02m/odcinek). Błąd   0.39%
0.548073
H: 0.661109 V: 0.219201

AJ:1.52 - AJ:1.51 - AJ:1.50 - AJ:1.49 - AJ:1.48 - AJ:1.47 - AJ:1.46 - AJ:1.45 - AJ:1.44 - AJ:1.43 - AJ:1.42 - AJ:1.41 - AJ:1.40 - AJ:1.39 - AJ:1.38 - AJ:1.37 - AJ:1.36 - AJ:1.35 - AJ:1.34 - AJ:1.33 - AJ:1.32 - AJ:1.31 - AJ:1.30 - AJ:1.29
Pierwodna długość 108.37m ( 23 odcinków), przesunięto o   0.31m ( 0.01m/odcinek). Błąd   0.28%
0.657823
H: 0.421788 V: 1.027822

AJ:1.57 - AJ:1.53 - AJ:1.52
Pierwodna długość   6.44m (  2 odcinków), przesunięto o   0.05m ( 0.02m/odcinek). Błąd   0.72%
0.409331
H: 0.443977 V: 0.325093

AJ:1.59 - AJ:1.60 - AJ:1.61 = AJ:1.52
Pierwodna długość   6.02m (  2 odcinków), przesunięto o   0.07m ( 0.03m/odcinek). Błąd   1.10%
0.587749
H: 0.611823 V: 0.505590

AJ:1.62 - AJ:1.59
Pierwodna długość   5.24m (  1 odcinków), przesunięto o   0.06m ( 0.06m/odcinek). Błąd   1.10%
0.617305
H: 0.700837 V: 0.420381

AJ:1.63 - AJ:1.58 - AJ:1.57
Pierwodna długość   6.30m (  2 odcinków), przesunięto o   0.07m ( 0.03m/odcinek). Błąd   1.10%
0.601293
H: 0.695743 V: 0.202482

AJ:1.67 - AJ:1.66 - AJ:1.65 - AJ:1.64 - AJ:1.63
Pierwodna długość  35.65m (  4 odcinków), przesunięto o   0.09m ( 0.02m/odcinek). Błąd   0.25%
0.364692
H: 0.322110 V: 0.481570

AJ:1.93 - AJ:1.92 - AJ:1.91 - AJ:1.90 - AJ:1.89 - AJ:1.88 - AJ:1.87 - AJ:1.86 - AJ:1.85 - AJ:1.84 - AJ:1.83 - AJ:1.82 - AJ:1.81 - AJ:1.80 - AJ:1.79 - AJ:1.78 - AJ:1.76
Pierwodna długość  46.95m ( 16 odcinków), przesunięto o   1.61m ( 0.10m/odcinek). Błąd   3.44%
5.066086
H: 2.976735 V: 8.269897

AJ:1.100 - AJ:1.99 - AJ:1.96 - AJ:1.95 - AJ:1.94 - AJ:1.93
Pierwodna długość  21.30m (  5 odcinków), przesunięto o   1.39m ( 0.28m/odcinek). Błąd   6.52%
6.815449
H: 4.401916 V: 10.104682

AJ:1.104 - AJ:1.105 - AJ:1.106 = AP:1.0 - AP:1.12 - AP:1.13 - AP:1.14 - AP:1.15 - AP:1.16 - AP:1.17 = AJ:1.104
Pierwodna długość  28.54m (  8 odcinków), przesunięto o   2.07m ( 0.26m/odcinek). Błąd   7.26%
8.635705
H: 1.297415 V: 16.208534

AL:1.0 - AL:1.1 - AL:1.2 - AL:1.3 - AL:1.4 - AL:1.5 - AL:1.6 - AL:1.7 - AL:1.8 - AL:1.9 - AL:1.10 - AL:1.11 - AL:1.12 - AL:1.13 - AL:1.14 - AL:1.15 = AJ:1.29
Pierwodna długość  60.96m ( 15 odcinków), przesunięto o   0.34m ( 0.02m/odcinek). Błąd   0.55%
0.990584
H: 0.996137 V: 0.978352

AK:1.5 - AK:1.6 - AK:1.7 - AK:1.8 - AK:1.9 - AK:1.10 - AK:1.11 - AK:1.12 - AK:1.13 - AK:1.14 - AK:1.15 - AK:1.16 = AI:1.9
Pierwodna długość  23.17m ( 11 odcinków), przesunięto o   0.16m ( 0.01m/odcinek). Błąd   0.69%
0.635086
H: 0.729999 V: 0.161323

AK:1.5 - AK:1.4 - AK:1.3 - AK:1.2 - AK:1.1 - AK:1.0 = AI:1.6
Pierwodna długość  18.75m (  5 odcinków), przesunięto o   0.09m ( 0.02m/odcinek). Błąd   0.49%
0.475488
H: 0.471765 V: 0.482794

AN:1.0 - AN:1.1 - AN:1.2 - AN:1.3 - AN:1.4 - AN:1.5 - AN:1.6 - AN:1.7 - AN:1.11 - AN:1.12 - AN:1.13 - AN:1.14 - AN:1.15 = AI:1.11
Pierwodna długość  29.77m ( 12 odcinków), przesunięto o   0.14m ( 0.01m/odcinek). Błąd   0.48%
0.534966
H: 0.547592 V: 0.507406

gh192 - gh191 - gh190 - gh189 - gh183 - gh182 - gh181 - gh180 - gh179 - gh178 - gh177 - gh176 - gh175 - gh174 - gh173 - gh172 - gh171 - gh170 - gh169 - gh168 - gh167 - gh166 - gh165
Pierwodna długość 123.60m ( 22 odcinków), przesunięto o   0.00m ( 0.00m/odcinek). Błąd   0.00%
0.000000
H: 0.000000 V: 0.000000

gh211 - gh218 - gh219 - gh220 - gh221 - gh222 - gh223 - gh224 - gh225 - gh226 - gh227 - gh228 - gh229 - gh230 - gh231 - gh232 - gh233 - gh234 - gh235 - gh236 - gh237 - gh238 - gh239 - gh240 - gh241 - gh242 - gh243 - gh244 - gh245 - gh246 - gh247 - gh248 - gh249 - gh250 - gh251 - AT:gh252 - AT:gh253 - AT:gh254 - AT:gh255 - AT:gh256 - AT:gh257 - AT:gh258 - AT:gh259 - AT:gh260 - AT:gh261 - AT:gh262 - AT:gh263 - AT:gh264 - AT:gh265 - AT:gh266 - AT:gh267 = AU:1.2 - AU:1.3 - AU:1.4 - AU:1.5 - AU:1.6 - AU:1.7 - AU:1.8 - AU:1.9 - AU:1.10 - AU:1.11 - AU:1.12 - AU:1.13 - AU:1.14 - AU:1.15 - AU:1.16 - AU:1.17 - AU:1.18 - AU:1.19 - AU:1.20 - AU:1.21 - AU:1.22 = X:0.0 - X:1.0 - X:2.0 - X:3.0 - X:4.0 - X:5.0 - X:6.0 - X:7.0 - X:8.0 - X:9.0 - X:10.0 - X:11.0 - X:12.0
Pierwodna długość 463.98m ( 82 odcinków), przesunięto o   0.00m ( 0.00m/odcinek). Błąd   0.00%
0.000000
H: 0.000000 V: 0.000000

gh211 - gh217 - gh216 - gh215 - gh214 - gh213 - gh212 - gh192
Pierwodna długość  33.65m (  7 odcinków), przesunięto o   0.10m ( 0.01m/odcinek). Błąd   0.29%
0.382602
H: 0.444678 V: 0.228113

gh211 - gh210 - gh209 - gh208 - gh207 - gh206 - gh205 - gh204 - gh203 - gh202 - gh195 - gh194 - gh193 - gh192
Pierwodna długość  43.05m ( 13 odcinków), przesunięto o   0.14m ( 0.01m/odcinek). Błąd   0.32%
0.455666
H: 0.512943 V: 0.291737

AQ:1.9 - AQ:1.10 - AQ:1.11 - AQ:1.12 - AQ:1.13 - AQ:1.14 - AQ:1.15 - AQ:1.16 - AQ:1.17 - AQ:1.18 - AQ:1.19 = AJ:1.77 - AJ:1.76
Pierwodna długość  26.68m ( 11 odcinków), przesunięto o   1.00m ( 0.09m/odcinek). Błąd   3.75%
3.875149
H: 2.100584 V: 6.496595

AQ:1.9 - AQ:1.8 - AQ:1.7 - AQ:1.6 - AQ:1.5 - AQ:1.4 - AQ:1.3 - AQ:1.2 - AQ:1.1 = AJ:1.100
Pierwodna długość  25.98m (  8 odcinków), przesunięto o   1.53m ( 0.19m/odcinek). Błąd   5.88%
6.536794
H: 4.515249 V: 10.294286

AV:1.1 - AV:1.2 = kv0118
Pierwodna długość  11.90m (  1 odcinków), przesunięto o   0.06m ( 0.06m/odcinek). Błąd   0.54%
0.427413
H: 0.362850 V: 0.516300

kv0149 - kv0148 - kv0147 - kv0146 - kv0145 - kv0144 - kv0143 - kv0142 - kv0141 - kv0140
Pierwodna długość  39.74m (  9 odcinków), przesunięto o   0.43m ( 0.05m/odcinek). Błąd   1.09%
1.582893
H: 1.893943 V: 0.511394

AV:1.51 - AV:1.52 = kv0139
Pierwodna długość   2.27m (  1 odcinków), przesunięto o   0.03m ( 0.03m/odcinek). Błąd   1.20%
0.357600
H: 0.398888 V: 0.110897

AV:1.36 - AV:1.46 - AV:1.47 - AV:1.48 - AV:1.49 - AV:1.50 - AV:1.51
Pierwodna długość  22.57m (  6 odcinków), przesunięto o   0.09m ( 0.02m/odcinek). Błąd   0.40%
0.437349
H: 0.528456 V: 0.022273

AV:1.36 - AV:1.37 - AV:1.38 - AV:1.39 - AV:1.40 - AV:1.41 - AV:1.42 - AV:1.43 - AV:1.44 - AV:1.45 = kv0149
Pierwodna długość  38.99m (  9 odcinków), przesunięto o   0.41m ( 0.05m/odcinek). Błąd   1.05%
1.511356
H: 1.820501 V: 0.324926

AV:1.36 - AV:1.35 - AV:1.34 - AV:1.33 - AV:1.32 - AV:1.31 - AV:1.30 - AV:1.29 - AV:1.28 - AV:1.27 - AV:1.26 - AV:1.25 - AV:1.24 - AV:1.23 - AV:1.22 - AV:1.21 - AV:1.20 - AV:1.19 - AV:1.18 - AV:1.17 - AV:1.16 - AV:1.15 - AV:1.14 - AV:1.13 - AV:1.1
Pierwodna długość  81.59m ( 24 odcinków), przesunięto o   0.85m ( 0.04m/odcinek). Błąd   1.04%
2.072131
H: 2.447878 V: 0.507375

X:36.0 - X:35.0 - X:34.0 - X:33.0 - X:32.0 - X:31.0 - X:30.0 - X:29.0 - X:28.0 - X:27.0 - X:26.0 - X:25.0 - X:24.0 - X:23.0 - X:22.0 - X:21.0 - X:20.0 - X:19.0 - X:18.0 - X:17.0 - X:16.0 - X:15.0 - X:14.0
Pierwodna długość 102.85m ( 22 odcinków), przesunięto o   0.00m ( 0.00m/odcinek). Błąd   0.00%
0.000000
H: 0.000000 V: 0.000000

AW:1.22 - AW:1.23 = AI:1.24
Pierwodna długość   7.12m (  1 odcinków), przesunięto o   0.03m ( 0.03m/odcinek). Błąd   0.40%
0.275821
H: 0.332509 V: 0.133675

AW:1.22 - AW:1.21 - AW:1.20 - AW:1.19 - AW:1.18 - AW:1.17 - AW:1.16 - AW:1.15 - AW:1.14 - AW:1.13 - AW:1.12 - AW:1.11 - AW:1.10 - AW:1.9 - AW:1.8 - AW:1.6 - AW:1.5 - AW:1.4 - AW:1.3 - AW:1.2 - AW:1.1 - AW:1.0 = AX:1.0 - AX:1.1 - AX:1.2 - AX:1.3 = AJ:1.67
Pierwodna długość 122.49m ( 24 odcinków), przesunięto o   0.30m ( 0.01m/odcinek). Błąd   0.24%
0.634325
H: 0.328725 V: 1.013422

AI:1.25 - AI:1.24
Pierwodna długość   7.09m (  1 odcinków), przesunięto o   0.02m ( 0.02m/odcinek). Błąd   0.26%
0.181490
H: 0.202631 V: 0.138731

R:1.0 - R:1.1
Pierwodna długość   7.20m (  1 odcinków), przesunięto o   0.11m ( 0.11m/odcinek). Błąd   1.51%
0.955936
H: 1.195968 V: 0.192691

Y:1.1 - Y:1.0 = X:12.0
Pierwodna długość   7.30m (  1 odcinków), przesunięto o   0.24m ( 0.24m/odcinek). Błąd   3.31%
2.110461
H: 2.665137 V: 0.004049

Y:1.5 - Y:1.51 - Y:1.52 - Y:1.53 = X:12.0
Pierwodna długość  22.21m (  3 odcinków), przesunięto o   0.26m ( 0.09m/odcinek). Błąd   1.17%
1.279780
H: 1.609265 V: 0.327424

AD:1.1 - AD:1.0 = X:36.0
Pierwodna długość   5.91m (  1 odcinków), przesunięto o   0.12m ( 0.12m/odcinek). Błąd   2.02%
1.173430
H: 1.266747 V: 0.965560

X:39.0 - X:38.0
Pierwodna długość   4.10m (  1 odcinków), przesunięto o   0.11m ( 0.11m/odcinek). Błąd   2.58%
1.221178
H: 1.361919 V: 0.780930

U:1.38 - 
Pierwodna długość   8.12m (  1 odcinków), przesunięto o   0.25m ( 0.25m/odcinek). Błąd   3.07%
2.097518
H: 2.612326 V: 0.689405

AD:1.16 - AD:1.17 = U:1.37
Pierwodna długość   7.99m (  1 odcinków), przesunięto o   0.25m ( 0.25m/odcinek). Błąd   3.10%
2.101846
H: 2.608142 V: 0.733286

AD:1.16 - AD:1.15 - AD:1.14 - AD:1.13 - AD:1.12 - AD:1.11 - AD:1.10 - AD:1.9 - AD:1.8 - AD:1.7 - AD:1.6 - AD:1.5 - AD:1.4 - AD:1.3
Pierwodna długość  82.26m ( 13 odcinków), przesunięto o   0.00m ( 0.00m/odcinek). Błąd   0.00%
0.000000
H: 0.000000 V: 0.000000

U:1.3 - U:1.8 - U:1.9 - U:1.11 - U:1.12 - U:1.13 - U:1.14 - U:1.15 - U:1.16 - U:1.17 - U:1.18 - U:1.19 - U:1.20 - U:1.21 - U:1.22 - U:1.23 - U:1.24 - U:1.25 - U:1.26 - U:1.27 - U:1.28 - U:1.29 - U:1.30 - U:1.31 - U:1.32 - U:1.33 - U:1.34 - U:1.35 - U:1.36 - U:1.37
Pierwodna długość 115.99m ( 29 odcinków), przesunięto o   0.00m ( 0.00m/odcinek). Błąd   0.00%
0.000000
H: 0.000000 V: 0.000000

U:1.3 - U:1.2 - U:1.1
Pierwodna długość  20.79m (  2 odcinków), przesunięto o   0.17m ( 0.08m/odcinek). Błąd   0.81%
0.751565
H: 0.807790 V: 0.655657

BA:1.10 - BA:1.9 = wm265.01 - wm265
Pierwodna długość   2.65m (  2 odcinków), przesunięto o   0.02m ( 0.01m/odcinek). Błąd   0.89%
0.230845
H: 0.272862 V: 0.027549

BA:1.11 - BA:1.10
Pierwodna długość   5.99m (  1 odcinków), przesunięto o   0.12m ( 0.12m/odcinek). Błąd   2.04%
1.218889
H: 1.032551 V: 1.503658

wm275 - wm274 - wm273 - wm272 - wm271 - wm270 - wm269 - wm268 - wm267 - wm266
Pierwodna długość  54.55m (  9 odcinków), przesunięto o   1.42m ( 0.16m/odcinek). Błąd   2.60%
4.584721
H: 3.266413 V: 6.269393

wm261 - wm260 - wm259 - wm258 - wm257 - wm256 - wm255 - wm254 - wm253 - wm252 - wm251 - wm250 - wm249 - wm248 - wm247 - wm246 - wm245 - wm244 - wm243 - wm242 - wm241 - wm240 - wm239 - wm238 - wm237 - wm236 - wm235 - wm234 - wm233 - wm232 - wm231 - wm230 - wm229 - wm228 - wm227 - wm226 - wm225 - wm224 - wm223 - wm222 - wm221 - wm220 - wm219 - wm218 - wm217 - wm216 - wm215 - wm214 - wm213 - wm212 - wm211 - wm210 - wm209 - wm208 - wm207 - wm206 - wm205 - wm204 - wm203 - wm202 - wm201 - wm200 - wm199 - wm198 - wm197 - wm196 - wm195 - wm194 - wm193 - wm192 - wm191 - wm190 - wm189 - wm188 - wm187 - wm186 - wm185 - wm184 - wm183 - wm182 - wm181 - wm180 - wm179 - wm178 - wm177 - wm176 - wm175 - wm174 - wm173 - wm172
Pierwodna długość 497.79m ( 89 odcinków), przesunięto o   0.00m ( 0.00m/odcinek). Błąd   0.00%
0.000000
H: 0.000000 V: 0.000000

wm263 - wm264 - wm265
Pierwodna długość   8.82m (  2 odcinków), przesunięto o   0.21m ( 0.11m/odcinek). Błąd   2.41%
1.695603
H: 1.366811 V: 2.286981

BB:1.53 - BB:1.52
Pierwodna długość  10.00m (  1 odcinków), przesunięto o   0.08m ( 0.08m/odcinek). Błąd   0.77%
0.557692
H: 0.277230 V: 0.812712

BB:1.15 - BB:1.14 - BB:1.13 - BB:1.12 - BB:1.11 - BB:1.10 - BB:1.9 - BB:1.8 - BB:1.7 - BB:1.6 - BB:1.5 - BB:1.4 - BB:1.3 - BB:1.2
Pierwodna długość  63.71m ( 13 odcinków), przesunięto o   1.69m ( 0.13m/odcinek). Błąd   2.65%
5.001590
H: 4.138448 V: 6.460085

BB:1.16 - BB:1.46 - BB:1.47 - BB:1.48 - BB:1.49 - BB:1.50 - BB:1.51
Pierwodna długość  24.13m (  6 odcinków), przesunięto o   0.71m ( 0.12m/odcinek). Błąd   2.96%
3.515988
H: 3.101595 V: 4.151773

BB:1.16 - BB:1.17 - BB:1.18 - BB:1.19 - BB:1.20 - BB:1.21 = BB:1.79 - BB:1.78 - BB:1.77 - BB:1.76 - BB:1.75 - BB:1.74 - BB:1.72 - BB:1.71 - BB:1.70 - BB:1.69 - BB:1.68 - BB:1.67 - BB:1.66 - BB:1.65 - BB:1.64 - BB:1.63 - BB:1.62 - BB:1.61 - BB:1.60 - BB:1.59 - BB:1.58 - BB:1.57 - BB:1.56 - BB:1.55 - BB:1.54 - BB:1.15
Pierwodna długość 109.66m ( 30 odcinków), przesunięto o   0.39m ( 0.01m/odcinek). Błąd   0.36%
0.828270
H: 0.715405 V: 1.040441

U:1.4 - U:1.5
Pierwodna długość   7.21m (  1 odcinków), przesunięto o   0.20m ( 0.20m/odcinek). Błąd   2.76%
1.816893
H: 2.270463 V: 0.400005

W:1.1 - W:1.0 = U:1.4
Pierwodna długość   7.20m (  1 odcinków), przesunięto o   0.17m ( 0.17m/odcinek). Błąd   2.36%
1.556915
H: 1.962278 V: 0.077866

W:1.3 - W:1.4 - W:1.7 - W:1.8 - W:1.9 - W:1.10 - W:1.11 - W:1.12 - W:1.13 - W:1.14 - W:1.15 - W:1.16 - W:1.17 - W:1.18 - W:1.19 - W:1.20 - W:1.21 - W:1.22
Pierwodna długość  73.58m ( 17 odcinków), przesunięto o   0.42m ( 0.02m/odcinek). Błąd   0.57%
1.092436
H: 1.142507 V: 0.977622

U:1.7 - U:1.6
Pierwodna długość   7.06m (  1 odcinków), przesunięto o   0.03m ( 0.03m/odcinek). Błąd   0.48%
0.304304
H: 0.198421 V: 0.429146

nt030 - nt030.01 - nt030.02 - nt031 - nt030
Pierwodna długość  18.79m (  4 odcinków), przesunięto o   0.24m ( 0.06m/odcinek). Błąd   1.27%
1.260973
H: 1.541246 V: 0.251037

ws057 - ws056 - ws055 - ws054 - ws053 - ws052 - ws051 - ws050 - ws049 - ws048 - ws047 - ws046 - ws045 - ws044 - ws043 - ws042 - ws041 - ws040 - ws039 - ws038 - ws037 - ws036 - ws035 - ws034 - ws033 - ws032 - ws031 - ws030
Pierwodna długość 106.54m ( 27 odcinków), przesunięto o   3.22m ( 0.12m/odcinek). Błąd   3.03%
6.970261
H: 8.486311 V: 0.430812

ws071 - ws070 - ws069 - ws068 - ws067 - ws066 - ws065 - ws064 - ws063 - ws062a - ws062 - ws061 - ws060 - ws059 - ws058 - ws057
Pierwodna długość  98.97m ( 15 odcinków), przesunięto o   2.74m ( 0.18m/odcinek). Błąd   2.77%
6.333812
H: 7.982605 V: 0.284976

ws071 - rh001 - rh002 - rh003 - rh004 - rh005 - rh006 - rh007 - rh008 - rh010 - rh011 - rh012 - rh013 - rh024 - rh025 - rh026 - sm010
Pierwodna długość  82.63m ( 16 odcinków), przesunięto o   4.52m ( 0.28m/odcinek). Błąd   5.47%
10.977463
H: 12.295695 V: 4.359663

ws073 - ws074 - ws075 - ws076 - ws077 - ws078 - ws079
Pierwodna długość  41.70m (  6 odcinków), przesunięto o   0.00m ( 0.00m/odcinek). Błąd   0.00%
0.000000
H: 0.000000 V: 0.000000

ws073 - ws072 - ws071
Pierwodna długość  20.98m (  2 odcinków), przesunięto o   0.85m ( 0.43m/odcinek). Błąd   4.05%
3.798353
H: 4.175326 V: 3.239901

ws073 - sm001 - sm002 - sm003 - sm004 - sm005 - sm006 - sm007 - sm008 - sm009 - sm010
Pierwodna długość  75.03m ( 10 odcinków), przesunięto o   2.33m ( 0.23m/odcinek). Błąd   3.10%
6.229604
H: 6.727027 V: 3.670670

ws105 - ws105.01 - ws105.02 - ws105.03 - ws105.04 - ws105.05 - ws105.06 - ws107 - ws106 - ws105
Pierwodna długość  47.30m (  9 odcinków), przesunięto o   0.51m ( 0.06m/odcinek). Błąd   1.08%
1.762493
H: 2.024597 V: 1.102123

ws057.05 - w57.05.1 - w57.05.2 - w57.05.3 - w57.05.4 - w57.05.5 - w57.05.6 - w57.05.7 - ws057.12 - ws057.11 - ws057.10 - ws057.09 - ws057.08 - ws057.07 - ws057.06 - ws057.05
Pierwodna długość  49.41m ( 15 odcinków), przesunięto o   1.45m ( 0.10m/odcinek). Błąd   2.94%
4.487984
H: 0.528332 V: 8.120323

ut008.02 - u08.02.1 - u08.02.2 - u08.02.3 - u08.02.4 - am001 - am002 - am003 - 
Pierwodna długość  38.69m (  8 odcinków), przesunięto o   1.30m ( 0.16m/odcinek). Błąd   3.36%
4.821153
H: 5.482860 V: 1.018100

ut008.02 - ut008.03 - ut008.04 - ut008.05 - ut008.06 - uts001 - uts002 - uts003 - 
Pierwodna długość  60.00m (  8 odcinków), przesunięto o   0.92m ( 0.12m/odcinek). Błąd   1.54%
2.828889
H: 3.326299 V: 0.785370

ut008.02 - ut008.01 - ut008 - ut007 - ut006 - ut005 - ut004 - ut003 - ut002 - ut001 - hg105
Pierwodna długość  74.58m ( 10 odcinków), przesunięto o   0.36m ( 0.04m/odcinek). Błąd   0.48%
1.020282
H: 1.168465 V: 0.264502

wm036 - wm037 - wm038 - wm039 - wm040 - wm041
Pierwodna długość  33.16m (  5 odcinków), przesunięto o   0.00m ( 0.00m/odcinek). Błąd   0.00%
0.000000
H: 0.000000 V: 0.000000

AA:1.27 - AA:1.26
Pierwodna długość   3.15m (  1 odcinków), przesunięto o   0.06m ( 0.06m/odcinek). Błąd   1.89%
0.772221
H: 1.071394 V: 0.122132

wm055 - wm054 - 
Pierwodna długość  10.82m (  2 odcinków), przesunięto o   0.00m ( 0.00m/odcinek). Błąd   0.00%
0.000000
H: 0.000000 V: 0.000000

wm059 - wm058 - wm057 - wm056 - wm055
Pierwodna długość  18.79m (  4 odcinków), przesunięto o   0.39m ( 0.10m/odcinek). Błąd   2.05%
2.125874
H: 1.995032 V: 2.372962

wm059 - wm055.08 - wm055.07 - wm055.06 - wm055.05 - wm055.04 - wm055.03 - wm055.02 - wm055.01 - wm055
Pierwodna długość  19.65m (  9 odcinków), przesunięto o   0.53m ( 0.06m/odcinek). Błąd   2.72%
2.318011
H: 2.264037 V: 2.444949

wm071 - pr001 - pr002 - pr003 - pr004 - pr005 - pr006
Pierwodna długość  25.28m (  6 odcinków), przesunięto o   0.30m ( 0.05m/odcinek). Błąd   1.17%
1.385070
H: 1.670716 V: 0.230010

wm071 - wm070 - wm069 - wm068 - wm067 - wm066 - wm065 - wm064 - wm063 - wm062 - wm061 - wm060 - wm059
Pierwodna długość  68.25m ( 12 odcinków), przesunięto o   0.00m ( 0.00m/odcinek). Błąd   0.00%
0.000000
H: 0.000000 V: 0.000000

hg005 - hg004 - hg003
Pierwodna długość  14.11m (  2 odcinków), przesunięto o   0.57m ( 0.28m/odcinek). Błąd   4.03%
3.553586
H: 3.672197 V: 3.357058

hg005 - hg005.01 - hg005.02 - hg005.03 - hg005.04 - hg005.05 - hg005.06 - hg003.03 - hg003.02 - hg003.01 - hg003
Pierwodna długość  40.07m ( 10 odcinków), przesunięto o   2.31m ( 0.23m/odcinek). Błąd   5.77%
8.209451
H: 8.089371 V: 8.410008

hg046 - hg045 - hg044 - hg043 - hg042
Pierwodna długość  11.50m (  4 odcinków), przesunięto o   0.06m ( 0.01m/odcinek). Błąd   0.49%
0.355655
H: 0.290554 V: 0.492407

hg046 - h42.01.1 - hg042.01 - hg042
Pierwodna długość  15.21m (  3 odcinków), przesunięto o   0.06m ( 0.02m/odcinek). Błąd   0.42%
0.387101
H: 0.314092 V: 0.505207

hg066 - kp001 - kp002 - kp003 - kp004 - kp005 - kp005.01 - kp005.02 - kp005.03 - kp005.04 - kp005.05 - kp005.06 - kp005.07 - hg063
Pierwodna długość  63.60m ( 13 odcinków), przesunięto o   2.07m ( 0.16m/odcinek). Błąd   3.26%
6.375758
H: 7.542889 V: 3.440346

hg066 - hg065 - hg064 - hg063
Pierwodna długość  14.62m (  3 odcinków), przesunięto o   0.57m ( 0.19m/odcinek). Błąd   3.87%
3.515424
H: 4.099098 V: 1.565834

hg082 - hg082.01 - hg080.12 - hg080.11 - hg080.10 - hg080.09 - hg080.08 - hg080.07 - hg080.06 - hg080.05 - hg080.04 - hg080.03 - hg080.02 - hg080.01 - hg080
Pierwodna długość  75.75m ( 14 odcinków), przesunięto o   0.60m ( 0.04m/odcinek). Błąd   0.79%
1.637921
H: 2.080092 V: 0.038019

hg082 - hg081 - hg080
Pierwodna długość  10.08m (  2 odcinków), przesunięto o   0.05m ( 0.02m/odcinek). Błąd   0.45%
0.364230
H: 0.442880 V: 0.019536

hg105 - kt001 - kt002
Pierwodna długość  16.47m (  2 odcinków), przesunięto o   0.08m ( 0.04m/odcinek). Błąd   0.48%
0.426751
H: 0.548271 V: 0.061785

kt004 - kt005 - kt006 - kt007 - kt008 - kt009 - kt010 - kt011 - kt012 - kt013 - kt014 - kt015 - kt016 - kt017 - kt018 - kt019 - kt020 - kt021 - kt022 - kt023 - kt024 - kt025 - kt026 - kt027 - kt028 - kt029 - kt030 - kt031 - kt032 - kt033 - kt034 - kt035 - kt036 - kt037 - kt038 - kt039 - kt040 - kt041 - kt042 - kt043 - kt044 - kt045 - kt046 - kt047 - kt048 - kt049 - kt050 - kt051 - kt052 - kt053
Pierwodna długość 186.07m ( 49 odcinków), przesunięto o   1.77m ( 0.04m/odcinek). Błąd   0.95%
2.904530
H: 3.495811 V: 0.580510

kt004 - kt004.01 - 
Pierwodna długość  11.03m (  2 odcinków), przesunięto o   0.12m ( 0.06m/odcinek). Błąd   1.13%
0.878178
H: 1.073735 V: 0.127086

kt004 - kt003 - kt002
Pierwodna długość  21.06m (  2 odcinków), przesunięto o   0.18m ( 0.09m/odcinek). Błąd   0.85%
0.916424
H: 1.133950 V: 0.340000

wm147 - wm146 - wm145 - wm144 - wm143 - wm142 - wm141 - wm140 - wm139 - wm138 - wm137 - wm136 - wm135 - wm134 - wm133 - wm132 - wm131 - wm130 - wm129 - wm128 - wm127 - wm126 - wm125 - wm124 - wm123 - wm122 - wm121 - wm120 - wm119 - wm118 - wm117 - wm116 - wm115 - wm114 - wm113 - wm112 - wm111 - wm110 - wm109 - wm108 - wm107 - wm106 - wm105 - wm104 - wm103 - wm102 - wm101 - wm100 - wm099 - wm098 - wm097 - wm096 - wm095 - wm094 - wm093
Pierwodna długość 292.65m ( 54 odcinków), przesunięto o   0.00m ( 0.00m/odcinek). Błąd   0.00%
0.000000
H: 0.000000 V: 0.000000

wm147.05 - wm147.06 - wm147.07 - wm147.08 - wm147.09 - wm147.10 - wm147.11 - wm147.12 - wm147.13 - wm147.14 - wm147.15 - wm147.16 - wm147.17 - wm147.18 - wm147.05
Pierwodna długość  49.68m ( 14 odcinków), przesunięto o   0.56m ( 0.04m/odcinek). Błąd   1.13%
1.817673
H: 2.176440 V: 0.164746

wm020 - wm021 - wm022 - wm023 - wm024 - wm025 - wm026 - wm027 - wm028 - wm029 - wm030 - wm031 - wm032 - wm033 - wm034 - wm035 - wm036
Pierwodna długość  49.16m ( 16 odcinków), przesunięto o   0.35m ( 0.02m/odcinek). Błąd   0.72%
1.089153
H: 1.289388 V: 0.186087

wm020 - wm020.01 = AA:1.0 - AA:1.1 - AA:1.2 - AA:1.3 - AA:1.4 - AA:1.5 - AA:1.6 - AA:1.14 - AA:1.15 - AA:1.16 - AA:1.17 - AA:1.18 - AA:1.19 - AA:1.20 - AA:1.21 - AA:1.22 - AA:1.25
Pierwodna długość  61.04m ( 17 odcinków), przesunięto o   0.41m ( 0.02m/odcinek). Błąd   0.67%
1.062194
H: 1.285803 V: 0.333366

wm020 - wm019 - wm018 - wm017 - wm016 - wm015 - wm014 - wm013 - wm012 - wm011 - wm010 - wm009 - wm008 - wm007 - wm006 - wm005 - wm004 - wm003.1 - wm003 - wm002 - wm001 - hg115.3
Pierwodna długość 112.94m ( 21 odcinków), przesunięto o   0.00m ( 0.00m/odcinek). Błąd   0.00%
0.000000
H: 0.000000 V: 0.000000

wm077 - wm076 - wm075 - wm074 - wm073 - wm072 - wm071
Pierwodna długość  34.97m (  6 odcinków), przesunięto o   0.42m ( 0.07m/odcinek). Błąd   1.19%
1.650640
H: 2.024394 V: 0.732808

wm080 - wm081 - wm082 - wm083 - wm084 - wm085 - wm086 - wm087 - wm088 - wm089 - wm090 - wm091 - wm092 - wm093
Pierwodna długość  92.42m ( 13 odcinków), przesunięto o   1.38m ( 0.11m/odcinek). Błąd   1.50%
3.214950
H: 4.099417 V: 0.108460

wm080 - wm077.03 - wm077.02 - wm077.01 - wm077
Pierwodna długość  16.71m (  4 odcinków), przesunięto o   0.27m ( 0.07m/odcinek). Błąd   1.63%
1.528865
H: 1.870688 V: 0.443361

wm080 - wm079 - wm078 - wm077
Pierwodna długość  20.73m (  3 odcinków), przesunięto o   0.39m ( 0.13m/odcinek). Błąd   1.86%
2.050175
H: 2.506119 V: 0.325460

wm151 - wm150 - wm149 - wm148 - wm147
Pierwodna długość  30.24m (  4 odcinków), przesunięto o   0.00m ( 0.00m/odcinek). Błąd   0.00%
0.000000
H: 0.000000 V: 0.000000

wm158 - wm159 - wm160 - wm161 - wm162 - wm163 - wm164 - wm165 - wm166 - wm167 - wm168 - wm169 - wm170 - wm171 - wm172
Pierwodna długość  94.21m ( 14 odcinków), przesunięto o   0.00m ( 0.00m/odcinek). Błąd   0.00%
0.000000
H: 0.000000 V: 0.000000

wm158 - wm151.03 - wm151.02 - wm151.01 - wm151
Pierwodna długość  17.79m (  4 odcinków), przesunięto o   1.61m ( 0.40m/odcinek). Błąd   9.06%
8.934721
H: 10.305427 V: 4.277837

wm158 - wm157 - wm156 - wm155 - wm154 - wm153 - wm152 - wm151
Pierwodna długość  32.98m (  7 odcinków), przesunięto o   3.03m ( 0.43m/odcinek). Błąd   9.20%
11.963481
H: 13.910671 V: 7.089828

wm277 - wm276
Pierwodna długość  10.97m (  1 odcinków), przesunięto o   0.02m ( 0.02m/odcinek). Błąd   0.19%
0.137950
H: 0.124545 V: 0.154052

BB:1.0 - BB:1.1
Pierwodna długość  11.00m (  1 odcinków), przesunięto o   0.02m ( 0.02m/odcinek). Błąd   0.19%
0.137506
H: 0.124095 V: 0.153594

wm293 - wm293.1 - wm299.6 - wm299.5 - wm299.4 - wm299.3 - wm299.2 - wm299.1 - wm299 - wm298 - wm297 - wm296 - wm295 - wm294 - wm293
Pierwodna długość  53.76m ( 14 odcinków), przesunięto o   0.45m ( 0.03m/odcinek). Błąd   0.84%
1.415716
H: 1.706416 V: 0.090933

