survey.2_4 - survey.2_5 - survey.2_6 - survey.2_2
Pierwodna długość  16.61m (  3 odcinków), przesunięto o   0.60m ( 0.20m/odcinek). Błąd   3.63%
3.513872
H: 4.480165 V: 0.630851

survey.2_4 - survey.2_3 - survey.2_2
Pierwodna długość  11.80m (  2 odcinków), przesunięto o   0.81m ( 0.40m/odcinek). Błąd   6.85%
5.650906
H: 6.923606 V: 0.424016

survey.1_3 - survey.3_2 - survey.3_1 - survey.2_4
Pierwodna długość  20.59m (  3 odcinków), przesunięto o   1.04m ( 0.35m/odcinek). Błąd   5.04%
5.108547
H: 6.431697 V: 0.547213

survey.1_3 - survey.2_1 - 
Pierwodna długość  10.55m (  2 odcinków), przesunięto o   0.48m ( 0.24m/odcinek). Błąd   4.53%
3.546215
H: 4.285002 V: 0.821634

survey.1_3 - survey.1_2 - survey.1_1
Pierwodna długość  17.24m (  2 odcinków), przesunięto o   0.00m ( 0.00m/odcinek). Błąd   0.00%
0.000000
H: 0.000000 V: 0.000000

